main:	file format ELF64-x86-64

.debug_line contents:
debug_line[0x00000000]
Line table prologue:
 min_inst_length: 1
 default_is_stmt: 1
       line_base: -5
      line_range: 14
     opcode_base: 13
standard_opcode_lengths[DW_LNS_copy] = 0
standard_opcode_lengths[DW_LNS_advance_pc] = 1
standard_opcode_lengths[DW_LNS_advance_line] = 1
standard_opcode_lengths[DW_LNS_set_file] = 1
standard_opcode_lengths[DW_LNS_set_column] = 1
standard_opcode_lengths[DW_LNS_negate_stmt] = 0
standard_opcode_lengths[DW_LNS_set_basic_block] = 0
standard_opcode_lengths[DW_LNS_const_add_pc] = 0
standard_opcode_lengths[DW_LNS_fixed_advance_pc] = 1
standard_opcode_lengths[DW_LNS_set_prologue_end] = 0
standard_opcode_lengths[DW_LNS_set_epilogue_begin] = 0
standard_opcode_lengths[DW_LNS_set_isa] = 1
include_directories[  1] = "/usr/lib/gcc/x86_64-linux-gnu/9/include"
include_directories[  2] = "/usr/include/x86_64-linux-gnu/bits"
include_directories[  3] = "/usr/include/x86_64-linux-gnu/bits/types"
include_directories[  4] = "/usr/include"
include_directories[  5] = "/usr/include/x86_64-linux-gnu/sys"
include_directories[  6] = "/usr/include/x86_64-linux-gnu/gnu"
file_names[  1]:
           name: "main.c"
      dir_index: 0
       mod_time: 0x00000000
         length: 0x00000000
file_names[  2]:
           name: "stddef.h"
      dir_index: 1
       mod_time: 0x00000000
         length: 0x00000000
file_names[  3]:
           name: "types.h"
      dir_index: 2
       mod_time: 0x00000000
         length: 0x00000000
file_names[  4]:
           name: "struct_FILE.h"
      dir_index: 3
       mod_time: 0x00000000
         length: 0x00000000
file_names[  5]:
           name: "FILE.h"
      dir_index: 3
       mod_time: 0x00000000
         length: 0x00000000
file_names[  6]:
           name: "stdio.h"
      dir_index: 4
       mod_time: 0x00000000
         length: 0x00000000
file_names[  7]:
           name: "sys_errlist.h"
      dir_index: 2
       mod_time: 0x00000000
         length: 0x00000000
file_names[  8]:
           name: "stdc-predef.h"
      dir_index: 4
       mod_time: 0x00000000
         length: 0x00000000
file_names[  9]:
           name: "second.h"
      dir_index: 0
       mod_time: 0x00000000
         length: 0x00000000
file_names[ 10]:
           name: "libc-header-start.h"
      dir_index: 2
       mod_time: 0x00000000
         length: 0x00000000
file_names[ 11]:
           name: "features.h"
      dir_index: 4
       mod_time: 0x00000000
         length: 0x00000000
file_names[ 12]:
           name: "cdefs.h"
      dir_index: 5
       mod_time: 0x00000000
         length: 0x00000000
file_names[ 13]:
           name: "wordsize.h"
      dir_index: 2
       mod_time: 0x00000000
         length: 0x00000000
file_names[ 14]:
           name: "long-double.h"
      dir_index: 2
       mod_time: 0x00000000
         length: 0x00000000
file_names[ 15]:
           name: "stubs.h"
      dir_index: 6
       mod_time: 0x00000000
         length: 0x00000000
file_names[ 16]:
           name: "stubs-64.h"
      dir_index: 6
       mod_time: 0x00000000
         length: 0x00000000
file_names[ 17]:
           name: "stdarg.h"
      dir_index: 1
       mod_time: 0x00000000
         length: 0x00000000
file_names[ 18]:
           name: "timesize.h"
      dir_index: 2
       mod_time: 0x00000000
         length: 0x00000000
file_names[ 19]:
           name: "typesizes.h"
      dir_index: 2
       mod_time: 0x00000000
         length: 0x00000000
file_names[ 20]:
           name: "time64.h"
      dir_index: 2
       mod_time: 0x00000000
         length: 0x00000000
file_names[ 21]:
           name: "__fpos_t.h"
      dir_index: 3
       mod_time: 0x00000000
         length: 0x00000000
file_names[ 22]:
           name: "__mbstate_t.h"
      dir_index: 3
       mod_time: 0x00000000
         length: 0x00000000
file_names[ 23]:
           name: "__fpos64_t.h"
      dir_index: 3
       mod_time: 0x00000000
         length: 0x00000000
file_names[ 24]:
           name: "__FILE.h"
      dir_index: 3
       mod_time: 0x00000000
         length: 0x00000000
file_names[ 25]:
           name: "stdio_lim.h"
      dir_index: 2
       mod_time: 0x00000000
         length: 0x00000000

Address            Line   Column File   ISA Discriminator Flags
------------------ ------ ------ ------ --- ------------- -------------
0x0000000000001149      7     12      1   0             0  is_stmt
0x0000000000001151      8      5      1   0             0  is_stmt
0x0000000000001162      9      5      1   0             0  is_stmt
0x000000000000116c     10      5      1   0             0  is_stmt
0x0000000000001189     11      5      1   0             0  is_stmt
0x0000000000001193     12      5      1   0             0  is_stmt
0x000000000000119d     13      5      1   0             0  is_stmt
0x00000000000011a7     14      5      1   0             0  is_stmt
0x00000000000011c0     15     16      1   0             0  is_stmt
0x00000000000011c9     15     12      1   0             0  is_stmt
0x00000000000011cf     16      5      1   0             0  is_stmt
0x00000000000011e8     17     12      1   0             0  is_stmt
0x00000000000011ed     18      1      1   0             0  is_stmt
0x00000000000011ef     18      1      1   0             0  is_stmt end_sequence

debug_line[0x0000026d]
Line table prologue:
 min_inst_length: 1
 default_is_stmt: 1
       line_base: -5
      line_range: 14
     opcode_base: 13
standard_opcode_lengths[DW_LNS_copy] = 0
standard_opcode_lengths[DW_LNS_advance_pc] = 1
standard_opcode_lengths[DW_LNS_advance_line] = 1
standard_opcode_lengths[DW_LNS_set_file] = 1
standard_opcode_lengths[DW_LNS_set_column] = 1
standard_opcode_lengths[DW_LNS_negate_stmt] = 0
standard_opcode_lengths[DW_LNS_set_basic_block] = 0
standard_opcode_lengths[DW_LNS_const_add_pc] = 0
standard_opcode_lengths[DW_LNS_fixed_advance_pc] = 1
standard_opcode_lengths[DW_LNS_set_prologue_end] = 0
standard_opcode_lengths[DW_LNS_set_epilogue_begin] = 0
standard_opcode_lengths[DW_LNS_set_isa] = 1
include_directories[  1] = "/usr/lib/gcc/x86_64-linux-gnu/9/include"
include_directories[  2] = "/usr/include/x86_64-linux-gnu/bits"
include_directories[  3] = "/usr/include/x86_64-linux-gnu/bits/types"
include_directories[  4] = "/usr/include"
include_directories[  5] = "/usr/include/x86_64-linux-gnu/sys"
include_directories[  6] = "/usr/include/x86_64-linux-gnu/gnu"
file_names[  1]:
           name: "second.c"
      dir_index: 0
       mod_time: 0x00000000
         length: 0x00000000
file_names[  2]:
           name: "stddef.h"
      dir_index: 1
       mod_time: 0x00000000
         length: 0x00000000
file_names[  3]:
           name: "types.h"
      dir_index: 2
       mod_time: 0x00000000
         length: 0x00000000
file_names[  4]:
           name: "struct_FILE.h"
      dir_index: 3
       mod_time: 0x00000000
         length: 0x00000000
file_names[  5]:
           name: "FILE.h"
      dir_index: 3
       mod_time: 0x00000000
         length: 0x00000000
file_names[  6]:
           name: "stdio.h"
      dir_index: 4
       mod_time: 0x00000000
         length: 0x00000000
file_names[  7]:
           name: "sys_errlist.h"
      dir_index: 2
       mod_time: 0x00000000
         length: 0x00000000
file_names[  8]:
           name: "stdc-predef.h"
      dir_index: 4
       mod_time: 0x00000000
         length: 0x00000000
file_names[  9]:
           name: "second.h"
      dir_index: 0
       mod_time: 0x00000000
         length: 0x00000000
file_names[ 10]:
           name: "libc-header-start.h"
      dir_index: 2
       mod_time: 0x00000000
         length: 0x00000000
file_names[ 11]:
           name: "features.h"
      dir_index: 4
       mod_time: 0x00000000
         length: 0x00000000
file_names[ 12]:
           name: "cdefs.h"
      dir_index: 5
       mod_time: 0x00000000
         length: 0x00000000
file_names[ 13]:
           name: "wordsize.h"
      dir_index: 2
       mod_time: 0x00000000
         length: 0x00000000
file_names[ 14]:
           name: "long-double.h"
      dir_index: 2
       mod_time: 0x00000000
         length: 0x00000000
file_names[ 15]:
           name: "stubs.h"
      dir_index: 6
       mod_time: 0x00000000
         length: 0x00000000
file_names[ 16]:
           name: "stubs-64.h"
      dir_index: 6
       mod_time: 0x00000000
         length: 0x00000000
file_names[ 17]:
           name: "stdarg.h"
      dir_index: 1
       mod_time: 0x00000000
         length: 0x00000000
file_names[ 18]:
           name: "timesize.h"
      dir_index: 2
       mod_time: 0x00000000
         length: 0x00000000
file_names[ 19]:
           name: "typesizes.h"
      dir_index: 2
       mod_time: 0x00000000
         length: 0x00000000
file_names[ 20]:
           name: "time64.h"
      dir_index: 2
       mod_time: 0x00000000
         length: 0x00000000
file_names[ 21]:
           name: "__fpos_t.h"
      dir_index: 3
       mod_time: 0x00000000
         length: 0x00000000
file_names[ 22]:
           name: "__mbstate_t.h"
      dir_index: 3
       mod_time: 0x00000000
         length: 0x00000000
file_names[ 23]:
           name: "__fpos64_t.h"
      dir_index: 3
       mod_time: 0x00000000
         length: 0x00000000
file_names[ 24]:
           name: "__FILE.h"
      dir_index: 3
       mod_time: 0x00000000
         length: 0x00000000
file_names[ 25]:
           name: "stdio_lim.h"
      dir_index: 2
       mod_time: 0x00000000
         length: 0x00000000

Address            Line   Column File   ISA Discriminator Flags
------------------ ------ ------ ------ --- ------------- -------------
0x00000000000011ef      4     21      1   0             0  is_stmt
0x00000000000011f7      5      5      1   0             0  is_stmt
0x0000000000001208      6      1      1   0             0  is_stmt
0x000000000000120b      8     17      1   0             0  is_stmt
0x0000000000001213      9     12      1   0             0  is_stmt
0x0000000000001218     10      1      1   0             0  is_stmt
0x000000000000121a     12     22      1   0             0  is_stmt
0x0000000000001222     13      5      1   0             0  is_stmt
0x0000000000001233     14      5      1   0             0  is_stmt
0x000000000000123d     15      1      1   0             0  is_stmt
0x0000000000001240     17     22      1   0             0  is_stmt
0x000000000000124f     18      8      1   0             0  is_stmt
0x0000000000001255     19     10      1   0             0  is_stmt
0x0000000000001265     18     17      1   0             0  is_stmt
0x0000000000001266     20      1      1   0             0  is_stmt
0x0000000000001268     22     13      1   0             0  is_stmt
0x0000000000001274     23     14      1   0             0  is_stmt
0x000000000000127b     23      5      1   0             0  is_stmt
0x000000000000127d     24      9      1   0             3  is_stmt
0x0000000000001293     23     30      1   0             3  is_stmt
0x0000000000001297     23      5      1   0             1  is_stmt
0x000000000000129d     26      1      1   0             0  is_stmt
0x00000000000012a1     28     38      1   0             0  is_stmt
0x00000000000012ac     29     15      1   0             0  is_stmt
0x00000000000012ba     29      8      1   0             0  is_stmt
0x00000000000012bf     29     32      1   0             1  is_stmt
0x00000000000012c6     30     17      1   0             0  is_stmt
0x00000000000012cb     31      1      1   0             0  is_stmt
0x00000000000012cd     31      1      1   0             0  is_stmt end_sequence

