0x00000000000011ae      4     21      1   0             0  is_stmt
0x00000000000011b6      5      5      1   0             0  is_stmt
0x00000000000011c7      6      1      1   0             0  is_stmt
0x00000000000011ca      8     17      1   0             0  is_stmt
0x00000000000011d2      9     12      1   0             0  is_stmt
0x00000000000011d7     10      1      1   0             0  is_stmt
0x00000000000011d9     12     22      1   0             0  is_stmt
0x00000000000011e1     13      5      1   0             0  is_stmt
0x00000000000011f2     14      5      1   0             0  is_stmt
0x00000000000011fc     15      1      1   0             0  is_stmt
0x00000000000011ff     17     22      1   0             0  is_stmt
0x000000000000120e     18      8      1   0             0  is_stmt
0x0000000000001214     19     10      1   0             0  is_stmt
0x0000000000001224     18     17      1   0             0  is_stmt
0x0000000000001225     20      1      1   0             0  is_stmt
0x0000000000001227     22     13      1   0             0  is_stmt
0x0000000000001233     23     14      1   0             0  is_stmt
0x000000000000123a     23      5      1   0             0  is_stmt
0x000000000000123c     24      9      1   0             3  is_stmt
0x0000000000001252     23     30      1   0             3  is_stmt
0x0000000000001256     23      5      1   0             1  is_stmt
0x000000000000125c     26      1      1   0             0  is_stmt
0x0000000000001260     28     38      1   0             0  is_stmt
0x000000000000126b     29     15      1   0             0  is_stmt
0x0000000000001279     29      8      1   0             0  is_stmt
0x000000000000127e     29     32      1   0             1  is_stmt
0x0000000000001285     30     17      1   0             0  is_stmt
0x000000000000128a     31      1      1   0             0  is_stmt
0x000000000000128c     31      1      1   0             0  is_stmt end_sequence